============================= test session starts =============================
platform win32 -- Python 3.14.3, pytest-9.0.2, pluggy-1.6.0 -- C:\projects\connect_new_backend\venv\Scripts\python.exe
cachedir: .pytest_cache
django: version: 6.0.2, settings: config.settings (from ini)
rootdir: C:\projects\connect_new_backend
configfile: pytest.ini
plugins: django-4.11.1
collecting ... collected 8 items

tests/test_forgot_password.py::TestForgotPassword::test_forgot_password_success ERROR [ 12%]
tests/test_forgot_password.py::TestForgotPassword::test_forgot_password_unknown_email_no_leak ERROR [ 25%]
tests/test_forgot_password.py::TestForgotPassword::test_reset_password_success ERROR [ 37%]
tests/test_forgot_password.py::TestForgotPassword::test_reset_password_invalid_token ERROR [ 50%]
tests/test_forgot_password.py::TestForgotPassword::test_reset_password_password_mismatch ERROR [ 62%]
tests/test_forgot_password.py::TestForgotPassword::test_reset_password_expired_token ERROR [ 75%]
tests/test_forgot_password.py::TestForgotPassword::test_reset_password_already_used_token ERROR [ 87%]
tests/test_forgot_password.py::TestForgotPassword::test_forgot_password_throttle ERROR [100%]

=================================== ERRORS ====================================
______ ERROR at setup of TestForgotPassword.test_forgot_password_success ______
venv\Lib\site-packages\django\db\backends\base\base.py:279: in ensure_connection
    self.connect()
venv\Lib\site-packages\sentry_sdk\utils.py:1841: in runner
    return sentry_patched_function(*args, **kwargs)
           ^^^^^^^^^^^^^^^^^^^^^^^^^^^^^^^^^^^^^^^^
venv\Lib\site-packages\sentry_sdk\integrations\django\__init__.py:684: in connect
    return real_connect(self)
           ^^^^^^^^^^^^^^^^^^
venv\Lib\site-packages\django\utils\asyncio.py:26: in inner
    return func(*args, **kwargs)
           ^^^^^^^^^^^^^^^^^^^^^
venv\Lib\site-packages\django\db\backends\base\base.py:256: in connect
    self.connection = self.get_new_connection(conn_params)
                      ^^^^^^^^^^^^^^^^^^^^^^^^^^^^^^^^^^^^
venv\Lib\site-packages\django\utils\asyncio.py:26: in inner
    return func(*args, **kwargs)
           ^^^^^^^^^^^^^^^^^^^^^
venv\Lib\site-packages\django\db\backends\postgresql\base.py:333: in get_new_connection
    connection = self.Database.connect(**conn_params)
                 ^^^^^^^^^^^^^^^^^^^^^^^^^^^^^^^^^^^^
venv\Lib\site-packages\psycopg2\__init__.py:135: in connect
    conn = _connect(dsn, connection_factory=connection_factory, **kwasync)
           ^^^^^^^^^^^^^^^^^^^^^^^^^^^^^^^^^^^^^^^^^^^^^^^^^^^^^^^^^^^^^^^
E   psycopg2.OperationalError: connection to server at "ep-round-haze-afaxzo0c-pooler.c-2.us-west-2.aws.neon.tech" (52.43.156.152), port 5432 failed: ERROR:  Authentication timed out

The above exception was the direct cause of the following exception:
venv\Lib\site-packages\django\db\backends\postgresql\base.py:508: in _nodb_cursor
    with super()._nodb_cursor() as cursor:
         ^^^^^^^^^^^^^^^^^^^^^^
C:\Python314\Lib\contextlib.py:141: in __enter__
    return next(self.gen)
           ^^^^^^^^^^^^^^
venv\Lib\site-packages\django\db\backends\base\base.py:712: in _nodb_cursor
    with conn.cursor() as cursor:
         ^^^^^^^^^^^^^
venv\Lib\site-packages\django\utils\asyncio.py:26: in inner
    return func(*args, **kwargs)
           ^^^^^^^^^^^^^^^^^^^^^
venv\Lib\site-packages\django\db\backends\base\base.py:320: in cursor
    return self._cursor()
           ^^^^^^^^^^^^^^
venv\Lib\site-packages\django\db\backends\base\base.py:296: in _cursor
    self.ensure_connection()
venv\Lib\site-packages\django\utils\asyncio.py:26: in inner
    return func(*args, **kwargs)
           ^^^^^^^^^^^^^^^^^^^^^
venv\Lib\site-packages\django\db\backends\base\base.py:278: in ensure_connection
    with self.wrap_database_errors:
         ^^^^^^^^^^^^^^^^^^^^^^^^^
venv\Lib\site-packages\django\db\utils.py:94: in __exit__
    raise dj_exc_value.with_traceback(traceback) from exc_value
venv\Lib\site-packages\django\db\backends\base\base.py:279: in ensure_connection
    self.connect()
venv\Lib\site-packages\sentry_sdk\utils.py:1841: in runner
    return sentry_patched_function(*args, **kwargs)
           ^^^^^^^^^^^^^^^^^^^^^^^^^^^^^^^^^^^^^^^^
venv\Lib\site-packages\sentry_sdk\integrations\django\__init__.py:684: in connect
    return real_connect(self)
           ^^^^^^^^^^^^^^^^^^
venv\Lib\site-packages\django\utils\asyncio.py:26: in inner
    return func(*args, **kwargs)
           ^^^^^^^^^^^^^^^^^^^^^
venv\Lib\site-packages\django\db\backends\base\base.py:256: in connect
    self.connection = self.get_new_connection(conn_params)
                      ^^^^^^^^^^^^^^^^^^^^^^^^^^^^^^^^^^^^
venv\Lib\site-packages\django\utils\asyncio.py:26: in inner
    return func(*args, **kwargs)
           ^^^^^^^^^^^^^^^^^^^^^
venv\Lib\site-packages\django\db\backends\postgresql\base.py:333: in get_new_connection
    connection = self.Database.connect(**conn_params)
                 ^^^^^^^^^^^^^^^^^^^^^^^^^^^^^^^^^^^^
venv\Lib\site-packages\psycopg2\__init__.py:135: in connect
    conn = _connect(dsn, connection_factory=connection_factory, **kwasync)
           ^^^^^^^^^^^^^^^^^^^^^^^^^^^^^^^^^^^^^^^^^^^^^^^^^^^^^^^^^^^^^^^
E   django.db.utils.OperationalError: connection to server at "ep-round-haze-afaxzo0c-pooler.c-2.us-west-2.aws.neon.tech" (52.43.156.152), port 5432 failed: ERROR:  Authentication timed out

During handling of the above exception, another exception occurred:
venv\Lib\site-packages\django\db\backends\base\base.py:279: in ensure_connection
    self.connect()
venv\Lib\site-packages\sentry_sdk\utils.py:1841: in runner
    return sentry_patched_function(*args, **kwargs)
           ^^^^^^^^^^^^^^^^^^^^^^^^^^^^^^^^^^^^^^^^
venv\Lib\site-packages\sentry_sdk\integrations\django\__init__.py:684: in connect
    return real_connect(self)
           ^^^^^^^^^^^^^^^^^^
venv\Lib\site-packages\django\utils\asyncio.py:26: in inner
    return func(*args, **kwargs)
           ^^^^^^^^^^^^^^^^^^^^^
venv\Lib\site-packages\django\db\backends\base\base.py:256: in connect
    self.connection = self.get_new_connection(conn_params)
                      ^^^^^^^^^^^^^^^^^^^^^^^^^^^^^^^^^^^^
venv\Lib\site-packages\django\utils\asyncio.py:26: in inner
    return func(*args, **kwargs)
           ^^^^^^^^^^^^^^^^^^^^^
venv\Lib\site-packages\django\db\backends\postgresql\base.py:333: in get_new_connection
    connection = self.Database.connect(**conn_params)
                 ^^^^^^^^^^^^^^^^^^^^^^^^^^^^^^^^^^^^
venv\Lib\site-packages\psycopg2\__init__.py:135: in connect
    conn = _connect(dsn, connection_factory=connection_factory, **kwasync)
           ^^^^^^^^^^^^^^^^^^^^^^^^^^^^^^^^^^^^^^^^^^^^^^^^^^^^^^^^^^^^^^^
E   psycopg2.OperationalError: connection to server at "ep-round-haze-afaxzo0c-pooler.c-2.us-west-2.aws.neon.tech" (52.43.156.152), port 5432 failed: SSL SYSCALL error: EOF detected

The above exception was the direct cause of the following exception:
venv\Lib\site-packages\pytest_django\plugin.py:552: in _django_db_marker
    request.getfixturevalue("_django_db_helper")
venv\Lib\site-packages\pytest_django\fixtures.py:198: in django_db_setup
    db_cfg = setup_databases(
venv\Lib\site-packages\django\test\utils.py:207: in setup_databases
    connection.creation.create_test_db(
venv\Lib\site-packages\django\db\backends\base\creation.py:69: in create_test_db
    self._create_test_db(verbosity, autoclobber, keepdb)
venv\Lib\site-packages\django\db\backends\base\creation.py:221: in _create_test_db
    with self._nodb_cursor() as cursor:
         ^^^^^^^^^^^^^^^^^^^
C:\Python314\Lib\contextlib.py:141: in __enter__
    return next(self.gen)
           ^^^^^^^^^^^^^^
venv\Lib\site-packages\django\db\backends\postgresql\base.py:534: in _nodb_cursor
    with conn.cursor() as cursor:
         ^^^^^^^^^^^^^
venv\Lib\site-packages\django\utils\asyncio.py:26: in inner
    return func(*args, **kwargs)
           ^^^^^^^^^^^^^^^^^^^^^
venv\Lib\site-packages\django\db\backends\base\base.py:320: in cursor
    return self._cursor()
           ^^^^^^^^^^^^^^
venv\Lib\site-packages\django\db\backends\base\base.py:296: in _cursor
    self.ensure_connection()
venv\Lib\site-packages\django\utils\asyncio.py:26: in inner
    return func(*args, **kwargs)
           ^^^^^^^^^^^^^^^^^^^^^
venv\Lib\site-packages\django\db\backends\base\base.py:278: in ensure_connection
    with self.wrap_database_errors:
         ^^^^^^^^^^^^^^^^^^^^^^^^^
venv\Lib\site-packages\django\db\utils.py:94: in __exit__
    raise dj_exc_value.with_traceback(traceback) from exc_value
venv\Lib\site-packages\django\db\backends\base\base.py:279: in ensure_connection
    self.connect()
venv\Lib\site-packages\sentry_sdk\utils.py:1841: in runner
    return sentry_patched_function(*args, **kwargs)
           ^^^^^^^^^^^^^^^^^^^^^^^^^^^^^^^^^^^^^^^^
venv\Lib\site-packages\sentry_sdk\integrations\django\__init__.py:684: in connect
    return real_connect(self)
           ^^^^^^^^^^^^^^^^^^
venv\Lib\site-packages\django\utils\asyncio.py:26: in inner
    return func(*args, **kwargs)
           ^^^^^^^^^^^^^^^^^^^^^
venv\Lib\site-packages\django\db\backends\base\base.py:256: in connect
    self.connection = self.get_new_connection(conn_params)
                      ^^^^^^^^^^^^^^^^^^^^^^^^^^^^^^^^^^^^
venv\Lib\site-packages\django\utils\asyncio.py:26: in inner
    return func(*args, **kwargs)
           ^^^^^^^^^^^^^^^^^^^^^
venv\Lib\site-packages\django\db\backends\postgresql\base.py:333: in get_new_connection
    connection = self.Database.connect(**conn_params)
                 ^^^^^^^^^^^^^^^^^^^^^^^^^^^^^^^^^^^^
venv\Lib\site-packages\psycopg2\__init__.py:135: in connect
    conn = _connect(dsn, connection_factory=connection_factory, **kwasync)
           ^^^^^^^^^^^^^^^^^^^^^^^^^^^^^^^^^^^^^^^^^^^^^^^^^^^^^^^^^^^^^^^
E   django.db.utils.OperationalError: connection to server at "ep-round-haze-afaxzo0c-pooler.c-2.us-west-2.aws.neon.tech" (52.43.156.152), port 5432 failed: SSL SYSCALL error: EOF detected
---------------------------- Captured stderr setup ----------------------------
Using existing test database for alias 'default'...

_ ERROR at setup of TestForgotPassword.test_forgot_password_unknown_email_no_leak _
venv\Lib\site-packages\django\db\backends\base\base.py:279: in ensure_connection
    self.connect()
venv\Lib\site-packages\sentry_sdk\utils.py:1841: in runner
    return sentry_patched_function(*args, **kwargs)
           ^^^^^^^^^^^^^^^^^^^^^^^^^^^^^^^^^^^^^^^^
venv\Lib\site-packages\sentry_sdk\integrations\django\__init__.py:684: in connect
    return real_connect(self)
           ^^^^^^^^^^^^^^^^^^
venv\Lib\site-packages\django\utils\asyncio.py:26: in inner
    return func(*args, **kwargs)
           ^^^^^^^^^^^^^^^^^^^^^
venv\Lib\site-packages\django\db\backends\base\base.py:256: in connect
    self.connection = self.get_new_connection(conn_params)
                      ^^^^^^^^^^^^^^^^^^^^^^^^^^^^^^^^^^^^
venv\Lib\site-packages\django\utils\asyncio.py:26: in inner
    return func(*args, **kwargs)
           ^^^^^^^^^^^^^^^^^^^^^
venv\Lib\site-packages\django\db\backends\postgresql\base.py:333: in get_new_connection
    connection = self.Database.connect(**conn_params)
                 ^^^^^^^^^^^^^^^^^^^^^^^^^^^^^^^^^^^^
venv\Lib\site-packages\psycopg2\__init__.py:135: in connect
    conn = _connect(dsn, connection_factory=connection_factory, **kwasync)
           ^^^^^^^^^^^^^^^^^^^^^^^^^^^^^^^^^^^^^^^^^^^^^^^^^^^^^^^^^^^^^^^
E   psycopg2.OperationalError: connection to server at "ep-round-haze-afaxzo0c-pooler.c-2.us-west-2.aws.neon.tech" (52.43.156.152), port 5432 failed: ERROR:  Authentication timed out

The above exception was the direct cause of the following exception:
venv\Lib\site-packages\django\db\backends\postgresql\base.py:508: in _nodb_cursor
    with super()._nodb_cursor() as cursor:
         ^^^^^^^^^^^^^^^^^^^^^^
C:\Python314\Lib\contextlib.py:141: in __enter__
    return next(self.gen)
           ^^^^^^^^^^^^^^
venv\Lib\site-packages\django\db\backends\base\base.py:712: in _nodb_cursor
    with conn.cursor() as cursor:
         ^^^^^^^^^^^^^
venv\Lib\site-packages\django\utils\asyncio.py:26: in inner
    return func(*args, **kwargs)
           ^^^^^^^^^^^^^^^^^^^^^
venv\Lib\site-packages\django\db\backends\base\base.py:320: in cursor
    return self._cursor()
           ^^^^^^^^^^^^^^
venv\Lib\site-packages\django\db\backends\base\base.py:296: in _cursor
    self.ensure_connection()
venv\Lib\site-packages\django\utils\asyncio.py:26: in inner
    return func(*args, **kwargs)
           ^^^^^^^^^^^^^^^^^^^^^
venv\Lib\site-packages\django\db\backends\base\base.py:278: in ensure_connection
    with self.wrap_database_errors:
         ^^^^^^^^^^^^^^^^^^^^^^^^^
venv\Lib\site-packages\django\db\utils.py:94: in __exit__
    raise dj_exc_value.with_traceback(traceback) from exc_value
venv\Lib\site-packages\django\db\backends\base\base.py:279: in ensure_connection
    self.connect()
venv\Lib\site-packages\sentry_sdk\utils.py:1841: in runner
    return sentry_patched_function(*args, **kwargs)
           ^^^^^^^^^^^^^^^^^^^^^^^^^^^^^^^^^^^^^^^^
venv\Lib\site-packages\sentry_sdk\integrations\django\__init__.py:684: in connect
    return real_connect(self)
           ^^^^^^^^^^^^^^^^^^
venv\Lib\site-packages\django\utils\asyncio.py:26: in inner
    return func(*args, **kwargs)
           ^^^^^^^^^^^^^^^^^^^^^
venv\Lib\site-packages\django\db\backends\base\base.py:256: in connect
    self.connection = self.get_new_connection(conn_params)
                      ^^^^^^^^^^^^^^^^^^^^^^^^^^^^^^^^^^^^
venv\Lib\site-packages\django\utils\asyncio.py:26: in inner
    return func(*args, **kwargs)
           ^^^^^^^^^^^^^^^^^^^^^
venv\Lib\site-packages\django\db\backends\postgresql\base.py:333: in get_new_connection
    connection = self.Database.connect(**conn_params)
                 ^^^^^^^^^^^^^^^^^^^^^^^^^^^^^^^^^^^^
venv\Lib\site-packages\psycopg2\__init__.py:135: in connect
    conn = _connect(dsn, connection_factory=connection_factory, **kwasync)
           ^^^^^^^^^^^^^^^^^^^^^^^^^^^^^^^^^^^^^^^^^^^^^^^^^^^^^^^^^^^^^^^
E   django.db.utils.OperationalError: connection to server at "ep-round-haze-afaxzo0c-pooler.c-2.us-west-2.aws.neon.tech" (52.43.156.152), port 5432 failed: ERROR:  Authentication timed out

During handling of the above exception, another exception occurred:
venv\Lib\site-packages\django\db\backends\base\base.py:279: in ensure_connection
    self.connect()
venv\Lib\site-packages\sentry_sdk\utils.py:1841: in runner
    return sentry_patched_function(*args, **kwargs)
           ^^^^^^^^^^^^^^^^^^^^^^^^^^^^^^^^^^^^^^^^
venv\Lib\site-packages\sentry_sdk\integrations\django\__init__.py:684: in connect
    return real_connect(self)
           ^^^^^^^^^^^^^^^^^^
venv\Lib\site-packages\django\utils\asyncio.py:26: in inner
    return func(*args, **kwargs)
           ^^^^^^^^^^^^^^^^^^^^^
venv\Lib\site-packages\django\db\backends\base\base.py:256: in connect
    self.connection = self.get_new_connection(conn_params)
                      ^^^^^^^^^^^^^^^^^^^^^^^^^^^^^^^^^^^^
venv\Lib\site-packages\django\utils\asyncio.py:26: in inner
    return func(*args, **kwargs)
           ^^^^^^^^^^^^^^^^^^^^^
venv\Lib\site-packages\django\db\backends\postgresql\base.py:333: in get_new_connection
    connection = self.Database.connect(**conn_params)
                 ^^^^^^^^^^^^^^^^^^^^^^^^^^^^^^^^^^^^
venv\Lib\site-packages\psycopg2\__init__.py:135: in connect
    conn = _connect(dsn, connection_factory=connection_factory, **kwasync)
           ^^^^^^^^^^^^^^^^^^^^^^^^^^^^^^^^^^^^^^^^^^^^^^^^^^^^^^^^^^^^^^^
E   psycopg2.OperationalError: connection to server at "ep-round-haze-afaxzo0c-pooler.c-2.us-west-2.aws.neon.tech" (52.43.156.152), port 5432 failed: SSL SYSCALL error: EOF detected

The above exception was the direct cause of the following exception:
venv\Lib\site-packages\pytest_django\plugin.py:552: in _django_db_marker
    request.getfixturevalue("_django_db_helper")
venv\Lib\site-packages\pytest_django\fixtures.py:198: in django_db_setup
    db_cfg = setup_databases(
venv\Lib\site-packages\django\test\utils.py:207: in setup_databases
    connection.creation.create_test_db(
venv\Lib\site-packages\django\db\backends\base\creation.py:69: in create_test_db
    self._create_test_db(verbosity, autoclobber, keepdb)
venv\Lib\site-packages\django\db\backends\base\creation.py:221: in _create_test_db
    with self._nodb_cursor() as cursor:
         ^^^^^^^^^^^^^^^^^^^
C:\Python314\Lib\contextlib.py:141: in __enter__
    return next(self.gen)
           ^^^^^^^^^^^^^^
venv\Lib\site-packages\django\db\backends\postgresql\base.py:534: in _nodb_cursor
    with conn.cursor() as cursor:
         ^^^^^^^^^^^^^
venv\Lib\site-packages\django\utils\asyncio.py:26: in inner
    return func(*args, **kwargs)
           ^^^^^^^^^^^^^^^^^^^^^
venv\Lib\site-packages\django\db\backends\base\base.py:320: in cursor
    return self._cursor()
           ^^^^^^^^^^^^^^
venv\Lib\site-packages\django\db\backends\base\base.py:296: in _cursor
    self.ensure_connection()
venv\Lib\site-packages\django\utils\asyncio.py:26: in inner
    return func(*args, **kwargs)
           ^^^^^^^^^^^^^^^^^^^^^
venv\Lib\site-packages\django\db\backends\base\base.py:278: in ensure_connection
    with self.wrap_database_errors:
         ^^^^^^^^^^^^^^^^^^^^^^^^^
venv\Lib\site-packages\django\db\utils.py:94: in __exit__
    raise dj_exc_value.with_traceback(traceback) from exc_value
venv\Lib\site-packages\django\db\backends\base\base.py:279: in ensure_connection
    self.connect()
venv\Lib\site-packages\sentry_sdk\utils.py:1841: in runner
    return sentry_patched_function(*args, **kwargs)
           ^^^^^^^^^^^^^^^^^^^^^^^^^^^^^^^^^^^^^^^^
venv\Lib\site-packages\sentry_sdk\integrations\django\__init__.py:684: in connect
    return real_connect(self)
           ^^^^^^^^^^^^^^^^^^
venv\Lib\site-packages\django\utils\asyncio.py:26: in inner
    return func(*args, **kwargs)
           ^^^^^^^^^^^^^^^^^^^^^
venv\Lib\site-packages\django\db\backends\base\base.py:256: in connect
    self.connection = self.get_new_connection(conn_params)
                      ^^^^^^^^^^^^^^^^^^^^^^^^^^^^^^^^^^^^
venv\Lib\site-packages\django\utils\asyncio.py:26: in inner
    return func(*args, **kwargs)
           ^^^^^^^^^^^^^^^^^^^^^
venv\Lib\site-packages\django\db\backends\postgresql\base.py:333: in get_new_connection
    connection = self.Database.connect(**conn_params)
                 ^^^^^^^^^^^^^^^^^^^^^^^^^^^^^^^^^^^^
venv\Lib\site-packages\psycopg2\__init__.py:135: in connect
    conn = _connect(dsn, connection_factory=connection_factory, **kwasync)
           ^^^^^^^^^^^^^^^^^^^^^^^^^^^^^^^^^^^^^^^^^^^^^^^^^^^^^^^^^^^^^^^
E   django.db.utils.OperationalError: connection to server at "ep-round-haze-afaxzo0c-pooler.c-2.us-west-2.aws.neon.tech" (52.43.156.152), port 5432 failed: SSL SYSCALL error: EOF detected
______ ERROR at setup of TestForgotPassword.test_reset_password_success _______
venv\Lib\site-packages\django\db\backends\base\base.py:279: in ensure_connection
    self.connect()
venv\Lib\site-packages\sentry_sdk\utils.py:1841: in runner
    return sentry_patched_function(*args, **kwargs)
           ^^^^^^^^^^^^^^^^^^^^^^^^^^^^^^^^^^^^^^^^
venv\Lib\site-packages\sentry_sdk\integrations\django\__init__.py:684: in connect
    return real_connect(self)
           ^^^^^^^^^^^^^^^^^^
venv\Lib\site-packages\django\utils\asyncio.py:26: in inner
    return func(*args, **kwargs)
           ^^^^^^^^^^^^^^^^^^^^^
venv\Lib\site-packages\django\db\backends\base\base.py:256: in connect
    self.connection = self.get_new_connection(conn_params)
                      ^^^^^^^^^^^^^^^^^^^^^^^^^^^^^^^^^^^^
venv\Lib\site-packages\django\utils\asyncio.py:26: in inner
    return func(*args, **kwargs)
           ^^^^^^^^^^^^^^^^^^^^^
venv\Lib\site-packages\django\db\backends\postgresql\base.py:333: in get_new_connection
    connection = self.Database.connect(**conn_params)
                 ^^^^^^^^^^^^^^^^^^^^^^^^^^^^^^^^^^^^
venv\Lib\site-packages\psycopg2\__init__.py:135: in connect
    conn = _connect(dsn, connection_factory=connection_factory, **kwasync)
           ^^^^^^^^^^^^^^^^^^^^^^^^^^^^^^^^^^^^^^^^^^^^^^^^^^^^^^^^^^^^^^^
E   psycopg2.OperationalError: connection to server at "ep-round-haze-afaxzo0c-pooler.c-2.us-west-2.aws.neon.tech" (52.43.156.152), port 5432 failed: ERROR:  Authentication timed out

The above exception was the direct cause of the following exception:
venv\Lib\site-packages\django\db\backends\postgresql\base.py:508: in _nodb_cursor
    with super()._nodb_cursor() as cursor:
         ^^^^^^^^^^^^^^^^^^^^^^
C:\Python314\Lib\contextlib.py:141: in __enter__
    return next(self.gen)
           ^^^^^^^^^^^^^^
venv\Lib\site-packages\django\db\backends\base\base.py:712: in _nodb_cursor
    with conn.cursor() as cursor:
         ^^^^^^^^^^^^^
venv\Lib\site-packages\django\utils\asyncio.py:26: in inner
    return func(*args, **kwargs)
           ^^^^^^^^^^^^^^^^^^^^^
venv\Lib\site-packages\django\db\backends\base\base.py:320: in cursor
    return self._cursor()
           ^^^^^^^^^^^^^^
venv\Lib\site-packages\django\db\backends\base\base.py:296: in _cursor
    self.ensure_connection()
venv\Lib\site-packages\django\utils\asyncio.py:26: in inner
    return func(*args, **kwargs)
           ^^^^^^^^^^^^^^^^^^^^^
venv\Lib\site-packages\django\db\backends\base\base.py:278: in ensure_connection
    with self.wrap_database_errors:
         ^^^^^^^^^^^^^^^^^^^^^^^^^
venv\Lib\site-packages\django\db\utils.py:94: in __exit__
    raise dj_exc_value.with_traceback(traceback) from exc_value
venv\Lib\site-packages\django\db\backends\base\base.py:279: in ensure_connection
    self.connect()
venv\Lib\site-packages\sentry_sdk\utils.py:1841: in runner
    return sentry_patched_function(*args, **kwargs)
           ^^^^^^^^^^^^^^^^^^^^^^^^^^^^^^^^^^^^^^^^
venv\Lib\site-packages\sentry_sdk\integrations\django\__init__.py:684: in connect
    return real_connect(self)
           ^^^^^^^^^^^^^^^^^^
venv\Lib\site-packages\django\utils\asyncio.py:26: in inner
    return func(*args, **kwargs)
           ^^^^^^^^^^^^^^^^^^^^^
venv\Lib\site-packages\django\db\backends\base\base.py:256: in connect
    self.connection = self.get_new_connection(conn_params)
                      ^^^^^^^^^^^^^^^^^^^^^^^^^^^^^^^^^^^^
venv\Lib\site-packages\django\utils\asyncio.py:26: in inner
    return func(*args, **kwargs)
           ^^^^^^^^^^^^^^^^^^^^^
venv\Lib\site-packages\django\db\backends\postgresql\base.py:333: in get_new_connection
    connection = self.Database.connect(**conn_params)
                 ^^^^^^^^^^^^^^^^^^^^^^^^^^^^^^^^^^^^
venv\Lib\site-packages\psycopg2\__init__.py:135: in connect
    conn = _connect(dsn, connection_factory=connection_factory, **kwasync)
           ^^^^^^^^^^^^^^^^^^^^^^^^^^^^^^^^^^^^^^^^^^^^^^^^^^^^^^^^^^^^^^^
E   django.db.utils.OperationalError: connection to server at "ep-round-haze-afaxzo0c-pooler.c-2.us-west-2.aws.neon.tech" (52.43.156.152), port 5432 failed: ERROR:  Authentication timed out

During handling of the above exception, another exception occurred:
venv\Lib\site-packages\django\db\backends\base\base.py:279: in ensure_connection
    self.connect()
venv\Lib\site-packages\sentry_sdk\utils.py:1841: in runner
    return sentry_patched_function(*args, **kwargs)
           ^^^^^^^^^^^^^^^^^^^^^^^^^^^^^^^^^^^^^^^^
venv\Lib\site-packages\sentry_sdk\integrations\django\__init__.py:684: in connect
    return real_connect(self)
           ^^^^^^^^^^^^^^^^^^
venv\Lib\site-packages\django\utils\asyncio.py:26: in inner
    return func(*args, **kwargs)
           ^^^^^^^^^^^^^^^^^^^^^
venv\Lib\site-packages\django\db\backends\base\base.py:256: in connect
    self.connection = self.get_new_connection(conn_params)
                      ^^^^^^^^^^^^^^^^^^^^^^^^^^^^^^^^^^^^
venv\Lib\site-packages\django\utils\asyncio.py:26: in inner
    return func(*args, **kwargs)
           ^^^^^^^^^^^^^^^^^^^^^
venv\Lib\site-packages\django\db\backends\postgresql\base.py:333: in get_new_connection
    connection = self.Database.connect(**conn_params)
                 ^^^^^^^^^^^^^^^^^^^^^^^^^^^^^^^^^^^^
venv\Lib\site-packages\psycopg2\__init__.py:135: in connect
    conn = _connect(dsn, connection_factory=connection_factory, **kwasync)
           ^^^^^^^^^^^^^^^^^^^^^^^^^^^^^^^^^^^^^^^^^^^^^^^^^^^^^^^^^^^^^^^
E   psycopg2.OperationalError: connection to server at "ep-round-haze-afaxzo0c-pooler.c-2.us-west-2.aws.neon.tech" (52.43.156.152), port 5432 failed: SSL SYSCALL error: EOF detected

The above exception was the direct cause of the following exception:
venv\Lib\site-packages\pytest_django\plugin.py:552: in _django_db_marker
    request.getfixturevalue("_django_db_helper")
venv\Lib\site-packages\pytest_django\fixtures.py:198: in django_db_setup
    db_cfg = setup_databases(
venv\Lib\site-packages\django\test\utils.py:207: in setup_databases
    connection.creation.create_test_db(
venv\Lib\site-packages\django\db\backends\base\creation.py:69: in create_test_db
    self._create_test_db(verbosity, autoclobber, keepdb)
venv\Lib\site-packages\django\db\backends\base\creation.py:221: in _create_test_db
    with self._nodb_cursor() as cursor:
         ^^^^^^^^^^^^^^^^^^^
C:\Python314\Lib\contextlib.py:141: in __enter__
    return next(self.gen)
           ^^^^^^^^^^^^^^
venv\Lib\site-packages\django\db\backends\postgresql\base.py:534: in _nodb_cursor
    with conn.cursor() as cursor:
         ^^^^^^^^^^^^^
venv\Lib\site-packages\django\utils\asyncio.py:26: in inner
    return func(*args, **kwargs)
           ^^^^^^^^^^^^^^^^^^^^^
venv\Lib\site-packages\django\db\backends\base\base.py:320: in cursor
    return self._cursor()
           ^^^^^^^^^^^^^^
venv\Lib\site-packages\django\db\backends\base\base.py:296: in _cursor
    self.ensure_connection()
venv\Lib\site-packages\django\utils\asyncio.py:26: in inner
    return func(*args, **kwargs)
           ^^^^^^^^^^^^^^^^^^^^^
venv\Lib\site-packages\django\db\backends\base\base.py:278: in ensure_connection
    with self.wrap_database_errors:
         ^^^^^^^^^^^^^^^^^^^^^^^^^
venv\Lib\site-packages\django\db\utils.py:94: in __exit__
    raise dj_exc_value.with_traceback(traceback) from exc_value
venv\Lib\site-packages\django\db\backends\base\base.py:279: in ensure_connection
    self.connect()
venv\Lib\site-packages\sentry_sdk\utils.py:1841: in runner
    return sentry_patched_function(*args, **kwargs)
           ^^^^^^^^^^^^^^^^^^^^^^^^^^^^^^^^^^^^^^^^
venv\Lib\site-packages\sentry_sdk\integrations\django\__init__.py:684: in connect
    return real_connect(self)
           ^^^^^^^^^^^^^^^^^^
venv\Lib\site-packages\django\utils\asyncio.py:26: in inner
    return func(*args, **kwargs)
           ^^^^^^^^^^^^^^^^^^^^^
venv\Lib\site-packages\django\db\backends\base\base.py:256: in connect
    self.connection = self.get_new_connection(conn_params)
                      ^^^^^^^^^^^^^^^^^^^^^^^^^^^^^^^^^^^^
venv\Lib\site-packages\django\utils\asyncio.py:26: in inner
    return func(*args, **kwargs)
           ^^^^^^^^^^^^^^^^^^^^^
venv\Lib\site-packages\django\db\backends\postgresql\base.py:333: in get_new_connection
    connection = self.Database.connect(**conn_params)
                 ^^^^^^^^^^^^^^^^^^^^^^^^^^^^^^^^^^^^
venv\Lib\site-packages\psycopg2\__init__.py:135: in connect
    conn = _connect(dsn, connection_factory=connection_factory, **kwasync)
           ^^^^^^^^^^^^^^^^^^^^^^^^^^^^^^^^^^^^^^^^^^^^^^^^^^^^^^^^^^^^^^^
E   django.db.utils.OperationalError: connection to server at "ep-round-haze-afaxzo0c-pooler.c-2.us-west-2.aws.neon.tech" (52.43.156.152), port 5432 failed: SSL SYSCALL error: EOF detected
___ ERROR at setup of TestForgotPassword.test_reset_password_invalid_token ____
venv\Lib\site-packages\django\db\backends\base\base.py:279: in ensure_connection
    self.connect()
venv\Lib\site-packages\sentry_sdk\utils.py:1841: in runner
    return sentry_patched_function(*args, **kwargs)
           ^^^^^^^^^^^^^^^^^^^^^^^^^^^^^^^^^^^^^^^^
venv\Lib\site-packages\sentry_sdk\integrations\django\__init__.py:684: in connect
    return real_connect(self)
           ^^^^^^^^^^^^^^^^^^
venv\Lib\site-packages\django\utils\asyncio.py:26: in inner
    return func(*args, **kwargs)
           ^^^^^^^^^^^^^^^^^^^^^
venv\Lib\site-packages\django\db\backends\base\base.py:256: in connect
    self.connection = self.get_new_connection(conn_params)
                      ^^^^^^^^^^^^^^^^^^^^^^^^^^^^^^^^^^^^
venv\Lib\site-packages\django\utils\asyncio.py:26: in inner
    return func(*args, **kwargs)
           ^^^^^^^^^^^^^^^^^^^^^
venv\Lib\site-packages\django\db\backends\postgresql\base.py:333: in get_new_connection
    connection = self.Database.connect(**conn_params)
                 ^^^^^^^^^^^^^^^^^^^^^^^^^^^^^^^^^^^^
venv\Lib\site-packages\psycopg2\__init__.py:135: in connect
    conn = _connect(dsn, connection_factory=connection_factory, **kwasync)
           ^^^^^^^^^^^^^^^^^^^^^^^^^^^^^^^^^^^^^^^^^^^^^^^^^^^^^^^^^^^^^^^
E   psycopg2.OperationalError: connection to server at "ep-round-haze-afaxzo0c-pooler.c-2.us-west-2.aws.neon.tech" (52.43.156.152), port 5432 failed: ERROR:  Authentication timed out

The above exception was the direct cause of the following exception:
venv\Lib\site-packages\django\db\backends\postgresql\base.py:508: in _nodb_cursor
    with super()._nodb_cursor() as cursor:
         ^^^^^^^^^^^^^^^^^^^^^^
C:\Python314\Lib\contextlib.py:141: in __enter__
    return next(self.gen)
           ^^^^^^^^^^^^^^
venv\Lib\site-packages\django\db\backends\base\base.py:712: in _nodb_cursor
    with conn.cursor() as cursor:
         ^^^^^^^^^^^^^
venv\Lib\site-packages\django\utils\asyncio.py:26: in inner
    return func(*args, **kwargs)
           ^^^^^^^^^^^^^^^^^^^^^
venv\Lib\site-packages\django\db\backends\base\base.py:320: in cursor
    return self._cursor()
           ^^^^^^^^^^^^^^
venv\Lib\site-packages\django\db\backends\base\base.py:296: in _cursor
    self.ensure_connection()
venv\Lib\site-packages\django\utils\asyncio.py:26: in inner
    return func(*args, **kwargs)
           ^^^^^^^^^^^^^^^^^^^^^
venv\Lib\site-packages\django\db\backends\base\base.py:278: in ensure_connection
    with self.wrap_database_errors:
         ^^^^^^^^^^^^^^^^^^^^^^^^^
venv\Lib\site-packages\django\db\utils.py:94: in __exit__
    raise dj_exc_value.with_traceback(traceback) from exc_value
venv\Lib\site-packages\django\db\backends\base\base.py:279: in ensure_connection
    self.connect()
venv\Lib\site-packages\sentry_sdk\utils.py:1841: in runner
    return sentry_patched_function(*args, **kwargs)
           ^^^^^^^^^^^^^^^^^^^^^^^^^^^^^^^^^^^^^^^^
venv\Lib\site-packages\sentry_sdk\integrations\django\__init__.py:684: in connect
    return real_connect(self)
           ^^^^^^^^^^^^^^^^^^
venv\Lib\site-packages\django\utils\asyncio.py:26: in inner
    return func(*args, **kwargs)
           ^^^^^^^^^^^^^^^^^^^^^
venv\Lib\site-packages\django\db\backends\base\base.py:256: in connect
    self.connection = self.get_new_connection(conn_params)
                      ^^^^^^^^^^^^^^^^^^^^^^^^^^^^^^^^^^^^
venv\Lib\site-packages\django\utils\asyncio.py:26: in inner
    return func(*args, **kwargs)
           ^^^^^^^^^^^^^^^^^^^^^
venv\Lib\site-packages\django\db\backends\postgresql\base.py:333: in get_new_connection
    connection = self.Database.connect(**conn_params)
                 ^^^^^^^^^^^^^^^^^^^^^^^^^^^^^^^^^^^^
venv\Lib\site-packages\psycopg2\__init__.py:135: in connect
    conn = _connect(dsn, connection_factory=connection_factory, **kwasync)
           ^^^^^^^^^^^^^^^^^^^^^^^^^^^^^^^^^^^^^^^^^^^^^^^^^^^^^^^^^^^^^^^
E   django.db.utils.OperationalError: connection to server at "ep-round-haze-afaxzo0c-pooler.c-2.us-west-2.aws.neon.tech" (52.43.156.152), port 5432 failed: ERROR:  Authentication timed out

During handling of the above exception, another exception occurred:
venv\Lib\site-packages\django\db\backends\base\base.py:279: in ensure_connection
    self.connect()
venv\Lib\site-packages\sentry_sdk\utils.py:1841: in runner
    return sentry_patched_function(*args, **kwargs)
           ^^^^^^^^^^^^^^^^^^^^^^^^^^^^^^^^^^^^^^^^
venv\Lib\site-packages\sentry_sdk\integrations\django\__init__.py:684: in connect
    return real_connect(self)
           ^^^^^^^^^^^^^^^^^^
venv\Lib\site-packages\django\utils\asyncio.py:26: in inner
    return func(*args, **kwargs)
           ^^^^^^^^^^^^^^^^^^^^^
venv\Lib\site-packages\django\db\backends\base\base.py:256: in connect
    self.connection = self.get_new_connection(conn_params)
                      ^^^^^^^^^^^^^^^^^^^^^^^^^^^^^^^^^^^^
venv\Lib\site-packages\django\utils\asyncio.py:26: in inner
    return func(*args, **kwargs)
           ^^^^^^^^^^^^^^^^^^^^^
venv\Lib\site-packages\django\db\backends\postgresql\base.py:333: in get_new_connection
    connection = self.Database.connect(**conn_params)
                 ^^^^^^^^^^^^^^^^^^^^^^^^^^^^^^^^^^^^
venv\Lib\site-packages\psycopg2\__init__.py:135: in connect
    conn = _connect(dsn, connection_factory=connection_factory, **kwasync)
           ^^^^^^^^^^^^^^^^^^^^^^^^^^^^^^^^^^^^^^^^^^^^^^^^^^^^^^^^^^^^^^^
E   psycopg2.OperationalError: connection to server at "ep-round-haze-afaxzo0c-pooler.c-2.us-west-2.aws.neon.tech" (52.43.156.152), port 5432 failed: SSL SYSCALL error: EOF detected

The above exception was the direct cause of the following exception:
venv\Lib\site-packages\pytest_django\plugin.py:552: in _django_db_marker
    request.getfixturevalue("_django_db_helper")
venv\Lib\site-packages\pytest_django\fixtures.py:198: in django_db_setup
    db_cfg = setup_databases(
venv\Lib\site-packages\django\test\utils.py:207: in setup_databases
    connection.creation.create_test_db(
venv\Lib\site-packages\django\db\backends\base\creation.py:69: in create_test_db
    self._create_test_db(verbosity, autoclobber, keepdb)
venv\Lib\site-packages\django\db\backends\base\creation.py:221: in _create_test_db
    with self._nodb_cursor() as cursor:
         ^^^^^^^^^^^^^^^^^^^
C:\Python314\Lib\contextlib.py:141: in __enter__
    return next(self.gen)
           ^^^^^^^^^^^^^^
venv\Lib\site-packages\django\db\backends\postgresql\base.py:534: in _nodb_cursor
    with conn.cursor() as cursor:
         ^^^^^^^^^^^^^
venv\Lib\site-packages\django\utils\asyncio.py:26: in inner
    return func(*args, **kwargs)
           ^^^^^^^^^^^^^^^^^^^^^
venv\Lib\site-packages\django\db\backends\base\base.py:320: in cursor
    return self._cursor()
           ^^^^^^^^^^^^^^
venv\Lib\site-packages\django\db\backends\base\base.py:296: in _cursor
    self.ensure_connection()
venv\Lib\site-packages\django\utils\asyncio.py:26: in inner
    return func(*args, **kwargs)
           ^^^^^^^^^^^^^^^^^^^^^
venv\Lib\site-packages\django\db\backends\base\base.py:278: in ensure_connection
    with self.wrap_database_errors:
         ^^^^^^^^^^^^^^^^^^^^^^^^^
venv\Lib\site-packages\django\db\utils.py:94: in __exit__
    raise dj_exc_value.with_traceback(traceback) from exc_value
venv\Lib\site-packages\django\db\backends\base\base.py:279: in ensure_connection
    self.connect()
venv\Lib\site-packages\sentry_sdk\utils.py:1841: in runner
    return sentry_patched_function(*args, **kwargs)
           ^^^^^^^^^^^^^^^^^^^^^^^^^^^^^^^^^^^^^^^^
venv\Lib\site-packages\sentry_sdk\integrations\django\__init__.py:684: in connect
    return real_connect(self)
           ^^^^^^^^^^^^^^^^^^
venv\Lib\site-packages\django\utils\asyncio.py:26: in inner
    return func(*args, **kwargs)
           ^^^^^^^^^^^^^^^^^^^^^
venv\Lib\site-packages\django\db\backends\base\base.py:256: in connect
    self.connection = self.get_new_connection(conn_params)
                      ^^^^^^^^^^^^^^^^^^^^^^^^^^^^^^^^^^^^
venv\Lib\site-packages\django\utils\asyncio.py:26: in inner
    return func(*args, **kwargs)
           ^^^^^^^^^^^^^^^^^^^^^
venv\Lib\site-packages\django\db\backends\postgresql\base.py:333: in get_new_connection
    connection = self.Database.connect(**conn_params)
                 ^^^^^^^^^^^^^^^^^^^^^^^^^^^^^^^^^^^^
venv\Lib\site-packages\psycopg2\__init__.py:135: in connect
    conn = _connect(dsn, connection_factory=connection_factory, **kwasync)
           ^^^^^^^^^^^^^^^^^^^^^^^^^^^^^^^^^^^^^^^^^^^^^^^^^^^^^^^^^^^^^^^
E   django.db.utils.OperationalError: connection to server at "ep-round-haze-afaxzo0c-pooler.c-2.us-west-2.aws.neon.tech" (52.43.156.152), port 5432 failed: SSL SYSCALL error: EOF detected
_ ERROR at setup of TestForgotPassword.test_reset_password_password_mismatch __
venv\Lib\site-packages\django\db\backends\base\base.py:279: in ensure_connection
    self.connect()
venv\Lib\site-packages\sentry_sdk\utils.py:1841: in runner
    return sentry_patched_function(*args, **kwargs)
           ^^^^^^^^^^^^^^^^^^^^^^^^^^^^^^^^^^^^^^^^
venv\Lib\site-packages\sentry_sdk\integrations\django\__init__.py:684: in connect
    return real_connect(self)
           ^^^^^^^^^^^^^^^^^^
venv\Lib\site-packages\django\utils\asyncio.py:26: in inner
    return func(*args, **kwargs)
           ^^^^^^^^^^^^^^^^^^^^^
venv\Lib\site-packages\django\db\backends\base\base.py:256: in connect
    self.connection = self.get_new_connection(conn_params)
                      ^^^^^^^^^^^^^^^^^^^^^^^^^^^^^^^^^^^^
venv\Lib\site-packages\django\utils\asyncio.py:26: in inner
    return func(*args, **kwargs)
           ^^^^^^^^^^^^^^^^^^^^^
venv\Lib\site-packages\django\db\backends\postgresql\base.py:333: in get_new_connection
    connection = self.Database.connect(**conn_params)
                 ^^^^^^^^^^^^^^^^^^^^^^^^^^^^^^^^^^^^
venv\Lib\site-packages\psycopg2\__init__.py:135: in connect
    conn = _connect(dsn, connection_factory=connection_factory, **kwasync)
           ^^^^^^^^^^^^^^^^^^^^^^^^^^^^^^^^^^^^^^^^^^^^^^^^^^^^^^^^^^^^^^^
E   psycopg2.OperationalError: connection to server at "ep-round-haze-afaxzo0c-pooler.c-2.us-west-2.aws.neon.tech" (52.43.156.152), port 5432 failed: ERROR:  Authentication timed out

The above exception was the direct cause of the following exception:
venv\Lib\site-packages\django\db\backends\postgresql\base.py:508: in _nodb_cursor
    with super()._nodb_cursor() as cursor:
         ^^^^^^^^^^^^^^^^^^^^^^
C:\Python314\Lib\contextlib.py:141: in __enter__
    return next(self.gen)
           ^^^^^^^^^^^^^^
venv\Lib\site-packages\django\db\backends\base\base.py:712: in _nodb_cursor
    with conn.cursor() as cursor:
         ^^^^^^^^^^^^^
venv\Lib\site-packages\django\utils\asyncio.py:26: in inner
    return func(*args, **kwargs)
           ^^^^^^^^^^^^^^^^^^^^^
venv\Lib\site-packages\django\db\backends\base\base.py:320: in cursor
    return self._cursor()
           ^^^^^^^^^^^^^^
venv\Lib\site-packages\django\db\backends\base\base.py:296: in _cursor
    self.ensure_connection()
venv\Lib\site-packages\django\utils\asyncio.py:26: in inner
    return func(*args, **kwargs)
           ^^^^^^^^^^^^^^^^^^^^^
venv\Lib\site-packages\django\db\backends\base\base.py:278: in ensure_connection
    with self.wrap_database_errors:
         ^^^^^^^^^^^^^^^^^^^^^^^^^
venv\Lib\site-packages\django\db\utils.py:94: in __exit__
    raise dj_exc_value.with_traceback(traceback) from exc_value
venv\Lib\site-packages\django\db\backends\base\base.py:279: in ensure_connection
    self.connect()
venv\Lib\site-packages\sentry_sdk\utils.py:1841: in runner
    return sentry_patched_function(*args, **kwargs)
           ^^^^^^^^^^^^^^^^^^^^^^^^^^^^^^^^^^^^^^^^
venv\Lib\site-packages\sentry_sdk\integrations\django\__init__.py:684: in connect
    return real_connect(self)
           ^^^^^^^^^^^^^^^^^^
venv\Lib\site-packages\django\utils\asyncio.py:26: in inner
    return func(*args, **kwargs)
           ^^^^^^^^^^^^^^^^^^^^^
venv\Lib\site-packages\django\db\backends\base\base.py:256: in connect
    self.connection = self.get_new_connection(conn_params)
                      ^^^^^^^^^^^^^^^^^^^^^^^^^^^^^^^^^^^^
venv\Lib\site-packages\django\utils\asyncio.py:26: in inner
    return func(*args, **kwargs)
           ^^^^^^^^^^^^^^^^^^^^^
venv\Lib\site-packages\django\db\backends\postgresql\base.py:333: in get_new_connection
    connection = self.Database.connect(**conn_params)
                 ^^^^^^^^^^^^^^^^^^^^^^^^^^^^^^^^^^^^
venv\Lib\site-packages\psycopg2\__init__.py:135: in connect
    conn = _connect(dsn, connection_factory=connection_factory, **kwasync)
           ^^^^^^^^^^^^^^^^^^^^^^^^^^^^^^^^^^^^^^^^^^^^^^^^^^^^^^^^^^^^^^^
E   django.db.utils.OperationalError: connection to server at "ep-round-haze-afaxzo0c-pooler.c-2.us-west-2.aws.neon.tech" (52.43.156.152), port 5432 failed: ERROR:  Authentication timed out

During handling of the above exception, another exception occurred:
venv\Lib\site-packages\django\db\backends\base\base.py:279: in ensure_connection
    self.connect()
venv\Lib\site-packages\sentry_sdk\utils.py:1841: in runner
    return sentry_patched_function(*args, **kwargs)
           ^^^^^^^^^^^^^^^^^^^^^^^^^^^^^^^^^^^^^^^^
venv\Lib\site-packages\sentry_sdk\integrations\django\__init__.py:684: in connect
    return real_connect(self)
           ^^^^^^^^^^^^^^^^^^
venv\Lib\site-packages\django\utils\asyncio.py:26: in inner
    return func(*args, **kwargs)
           ^^^^^^^^^^^^^^^^^^^^^
venv\Lib\site-packages\django\db\backends\base\base.py:256: in connect
    self.connection = self.get_new_connection(conn_params)
                      ^^^^^^^^^^^^^^^^^^^^^^^^^^^^^^^^^^^^
venv\Lib\site-packages\django\utils\asyncio.py:26: in inner
    return func(*args, **kwargs)
           ^^^^^^^^^^^^^^^^^^^^^
venv\Lib\site-packages\django\db\backends\postgresql\base.py:333: in get_new_connection
    connection = self.Database.connect(**conn_params)
                 ^^^^^^^^^^^^^^^^^^^^^^^^^^^^^^^^^^^^
venv\Lib\site-packages\psycopg2\__init__.py:135: in connect
    conn = _connect(dsn, connection_factory=connection_factory, **kwasync)
           ^^^^^^^^^^^^^^^^^^^^^^^^^^^^^^^^^^^^^^^^^^^^^^^^^^^^^^^^^^^^^^^
E   psycopg2.OperationalError: connection to server at "ep-round-haze-afaxzo0c-pooler.c-2.us-west-2.aws.neon.tech" (52.43.156.152), port 5432 failed: SSL SYSCALL error: EOF detected

The above exception was the direct cause of the following exception:
venv\Lib\site-packages\pytest_django\plugin.py:552: in _django_db_marker
    request.getfixturevalue("_django_db_helper")
venv\Lib\site-packages\pytest_django\fixtures.py:198: in django_db_setup
    db_cfg = setup_databases(
venv\Lib\site-packages\django\test\utils.py:207: in setup_databases
    connection.creation.create_test_db(
venv\Lib\site-packages\django\db\backends\base\creation.py:69: in create_test_db
    self._create_test_db(verbosity, autoclobber, keepdb)
venv\Lib\site-packages\django\db\backends\base\creation.py:221: in _create_test_db
    with self._nodb_cursor() as cursor:
         ^^^^^^^^^^^^^^^^^^^
C:\Python314\Lib\contextlib.py:141: in __enter__
    return next(self.gen)
           ^^^^^^^^^^^^^^
venv\Lib\site-packages\django\db\backends\postgresql\base.py:534: in _nodb_cursor
    with conn.cursor() as cursor:
         ^^^^^^^^^^^^^
venv\Lib\site-packages\django\utils\asyncio.py:26: in inner
    return func(*args, **kwargs)
           ^^^^^^^^^^^^^^^^^^^^^
venv\Lib\site-packages\django\db\backends\base\base.py:320: in cursor
    return self._cursor()
           ^^^^^^^^^^^^^^
venv\Lib\site-packages\django\db\backends\base\base.py:296: in _cursor
    self.ensure_connection()
venv\Lib\site-packages\django\utils\asyncio.py:26: in inner
    return func(*args, **kwargs)
           ^^^^^^^^^^^^^^^^^^^^^
venv\Lib\site-packages\django\db\backends\base\base.py:278: in ensure_connection
    with self.wrap_database_errors:
         ^^^^^^^^^^^^^^^^^^^^^^^^^
venv\Lib\site-packages\django\db\utils.py:94: in __exit__
    raise dj_exc_value.with_traceback(traceback) from exc_value
venv\Lib\site-packages\django\db\backends\base\base.py:279: in ensure_connection
    self.connect()
venv\Lib\site-packages\sentry_sdk\utils.py:1841: in runner
    return sentry_patched_function(*args, **kwargs)
           ^^^^^^^^^^^^^^^^^^^^^^^^^^^^^^^^^^^^^^^^
venv\Lib\site-packages\sentry_sdk\integrations\django\__init__.py:684: in connect
    return real_connect(self)
           ^^^^^^^^^^^^^^^^^^
venv\Lib\site-packages\django\utils\asyncio.py:26: in inner
    return func(*args, **kwargs)
           ^^^^^^^^^^^^^^^^^^^^^
venv\Lib\site-packages\django\db\backends\base\base.py:256: in connect
    self.connection = self.get_new_connection(conn_params)
                      ^^^^^^^^^^^^^^^^^^^^^^^^^^^^^^^^^^^^
venv\Lib\site-packages\django\utils\asyncio.py:26: in inner
    return func(*args, **kwargs)
           ^^^^^^^^^^^^^^^^^^^^^
venv\Lib\site-packages\django\db\backends\postgresql\base.py:333: in get_new_connection
    connection = self.Database.connect(**conn_params)
                 ^^^^^^^^^^^^^^^^^^^^^^^^^^^^^^^^^^^^
venv\Lib\site-packages\psycopg2\__init__.py:135: in connect
    conn = _connect(dsn, connection_factory=connection_factory, **kwasync)
           ^^^^^^^^^^^^^^^^^^^^^^^^^^^^^^^^^^^^^^^^^^^^^^^^^^^^^^^^^^^^^^^
E   django.db.utils.OperationalError: connection to server at "ep-round-haze-afaxzo0c-pooler.c-2.us-west-2.aws.neon.tech" (52.43.156.152), port 5432 failed: SSL SYSCALL error: EOF detected
___ ERROR at setup of TestForgotPassword.test_reset_password_expired_token ____
venv\Lib\site-packages\django\db\backends\base\base.py:279: in ensure_connection
    self.connect()
venv\Lib\site-packages\sentry_sdk\utils.py:1841: in runner
    return sentry_patched_function(*args, **kwargs)
           ^^^^^^^^^^^^^^^^^^^^^^^^^^^^^^^^^^^^^^^^
venv\Lib\site-packages\sentry_sdk\integrations\django\__init__.py:684: in connect
    return real_connect(self)
           ^^^^^^^^^^^^^^^^^^
venv\Lib\site-packages\django\utils\asyncio.py:26: in inner
    return func(*args, **kwargs)
           ^^^^^^^^^^^^^^^^^^^^^
venv\Lib\site-packages\django\db\backends\base\base.py:256: in connect
    self.connection = self.get_new_connection(conn_params)
                      ^^^^^^^^^^^^^^^^^^^^^^^^^^^^^^^^^^^^
venv\Lib\site-packages\django\utils\asyncio.py:26: in inner
    return func(*args, **kwargs)
           ^^^^^^^^^^^^^^^^^^^^^
venv\Lib\site-packages\django\db\backends\postgresql\base.py:333: in get_new_connection
    connection = self.Database.connect(**conn_params)
                 ^^^^^^^^^^^^^^^^^^^^^^^^^^^^^^^^^^^^
venv\Lib\site-packages\psycopg2\__init__.py:135: in connect
    conn = _connect(dsn, connection_factory=connection_factory, **kwasync)
           ^^^^^^^^^^^^^^^^^^^^^^^^^^^^^^^^^^^^^^^^^^^^^^^^^^^^^^^^^^^^^^^
E   psycopg2.OperationalError: connection to server at "ep-round-haze-afaxzo0c-pooler.c-2.us-west-2.aws.neon.tech" (52.43.156.152), port 5432 failed: ERROR:  Authentication timed out

The above exception was the direct cause of the following exception:
venv\Lib\site-packages\django\db\backends\postgresql\base.py:508: in _nodb_cursor
    with super()._nodb_cursor() as cursor:
         ^^^^^^^^^^^^^^^^^^^^^^
C:\Python314\Lib\contextlib.py:141: in __enter__
    return next(self.gen)
           ^^^^^^^^^^^^^^
venv\Lib\site-packages\django\db\backends\base\base.py:712: in _nodb_cursor
    with conn.cursor() as cursor:
         ^^^^^^^^^^^^^
venv\Lib\site-packages\django\utils\asyncio.py:26: in inner
    return func(*args, **kwargs)
           ^^^^^^^^^^^^^^^^^^^^^
venv\Lib\site-packages\django\db\backends\base\base.py:320: in cursor
    return self._cursor()
           ^^^^^^^^^^^^^^
venv\Lib\site-packages\django\db\backends\base\base.py:296: in _cursor
    self.ensure_connection()
venv\Lib\site-packages\django\utils\asyncio.py:26: in inner
    return func(*args, **kwargs)
           ^^^^^^^^^^^^^^^^^^^^^
venv\Lib\site-packages\django\db\backends\base\base.py:278: in ensure_connection
    with self.wrap_database_errors:
         ^^^^^^^^^^^^^^^^^^^^^^^^^
venv\Lib\site-packages\django\db\utils.py:94: in __exit__
    raise dj_exc_value.with_traceback(traceback) from exc_value
venv\Lib\site-packages\django\db\backends\base\base.py:279: in ensure_connection
    self.connect()
venv\Lib\site-packages\sentry_sdk\utils.py:1841: in runner
    return sentry_patched_function(*args, **kwargs)
           ^^^^^^^^^^^^^^^^^^^^^^^^^^^^^^^^^^^^^^^^
venv\Lib\site-packages\sentry_sdk\integrations\django\__init__.py:684: in connect
    return real_connect(self)
           ^^^^^^^^^^^^^^^^^^
venv\Lib\site-packages\django\utils\asyncio.py:26: in inner
    return func(*args, **kwargs)
           ^^^^^^^^^^^^^^^^^^^^^
venv\Lib\site-packages\django\db\backends\base\base.py:256: in connect
    self.connection = self.get_new_connection(conn_params)
                      ^^^^^^^^^^^^^^^^^^^^^^^^^^^^^^^^^^^^
venv\Lib\site-packages\django\utils\asyncio.py:26: in inner
    return func(*args, **kwargs)
           ^^^^^^^^^^^^^^^^^^^^^
venv\Lib\site-packages\django\db\backends\postgresql\base.py:333: in get_new_connection
    connection = self.Database.connect(**conn_params)
                 ^^^^^^^^^^^^^^^^^^^^^^^^^^^^^^^^^^^^
venv\Lib\site-packages\psycopg2\__init__.py:135: in connect
    conn = _connect(dsn, connection_factory=connection_factory, **kwasync)
           ^^^^^^^^^^^^^^^^^^^^^^^^^^^^^^^^^^^^^^^^^^^^^^^^^^^^^^^^^^^^^^^
E   django.db.utils.OperationalError: connection to server at "ep-round-haze-afaxzo0c-pooler.c-2.us-west-2.aws.neon.tech" (52.43.156.152), port 5432 failed: ERROR:  Authentication timed out

During handling of the above exception, another exception occurred:
venv\Lib\site-packages\django\db\backends\base\base.py:279: in ensure_connection
    self.connect()
venv\Lib\site-packages\sentry_sdk\utils.py:1841: in runner
    return sentry_patched_function(*args, **kwargs)
           ^^^^^^^^^^^^^^^^^^^^^^^^^^^^^^^^^^^^^^^^
venv\Lib\site-packages\sentry_sdk\integrations\django\__init__.py:684: in connect
    return real_connect(self)
           ^^^^^^^^^^^^^^^^^^
venv\Lib\site-packages\django\utils\asyncio.py:26: in inner
    return func(*args, **kwargs)
           ^^^^^^^^^^^^^^^^^^^^^
venv\Lib\site-packages\django\db\backends\base\base.py:256: in connect
    self.connection = self.get_new_connection(conn_params)
                      ^^^^^^^^^^^^^^^^^^^^^^^^^^^^^^^^^^^^
venv\Lib\site-packages\django\utils\asyncio.py:26: in inner
    return func(*args, **kwargs)
           ^^^^^^^^^^^^^^^^^^^^^
venv\Lib\site-packages\django\db\backends\postgresql\base.py:333: in get_new_connection
    connection = self.Database.connect(**conn_params)
                 ^^^^^^^^^^^^^^^^^^^^^^^^^^^^^^^^^^^^
venv\Lib\site-packages\psycopg2\__init__.py:135: in connect
    conn = _connect(dsn, connection_factory=connection_factory, **kwasync)
           ^^^^^^^^^^^^^^^^^^^^^^^^^^^^^^^^^^^^^^^^^^^^^^^^^^^^^^^^^^^^^^^
E   psycopg2.OperationalError: connection to server at "ep-round-haze-afaxzo0c-pooler.c-2.us-west-2.aws.neon.tech" (52.43.156.152), port 5432 failed: SSL SYSCALL error: EOF detected

The above exception was the direct cause of the following exception:
venv\Lib\site-packages\pytest_django\plugin.py:552: in _django_db_marker
    request.getfixturevalue("_django_db_helper")
venv\Lib\site-packages\pytest_django\fixtures.py:198: in django_db_setup
    db_cfg = setup_databases(
venv\Lib\site-packages\django\test\utils.py:207: in setup_databases
    connection.creation.create_test_db(
venv\Lib\site-packages\django\db\backends\base\creation.py:69: in create_test_db
    self._create_test_db(verbosity, autoclobber, keepdb)
venv\Lib\site-packages\django\db\backends\base\creation.py:221: in _create_test_db
    with self._nodb_cursor() as cursor:
         ^^^^^^^^^^^^^^^^^^^
C:\Python314\Lib\contextlib.py:141: in __enter__
    return next(self.gen)
           ^^^^^^^^^^^^^^
venv\Lib\site-packages\django\db\backends\postgresql\base.py:534: in _nodb_cursor
    with conn.cursor() as cursor:
         ^^^^^^^^^^^^^
venv\Lib\site-packages\django\utils\asyncio.py:26: in inner
    return func(*args, **kwargs)
           ^^^^^^^^^^^^^^^^^^^^^
venv\Lib\site-packages\django\db\backends\base\base.py:320: in cursor
    return self._cursor()
           ^^^^^^^^^^^^^^
venv\Lib\site-packages\django\db\backends\base\base.py:296: in _cursor
    self.ensure_connection()
venv\Lib\site-packages\django\utils\asyncio.py:26: in inner
    return func(*args, **kwargs)
           ^^^^^^^^^^^^^^^^^^^^^
venv\Lib\site-packages\django\db\backends\base\base.py:278: in ensure_connection
    with self.wrap_database_errors:
         ^^^^^^^^^^^^^^^^^^^^^^^^^
venv\Lib\site-packages\django\db\utils.py:94: in __exit__
    raise dj_exc_value.with_traceback(traceback) from exc_value
venv\Lib\site-packages\django\db\backends\base\base.py:279: in ensure_connection
    self.connect()
venv\Lib\site-packages\sentry_sdk\utils.py:1841: in runner
    return sentry_patched_function(*args, **kwargs)
           ^^^^^^^^^^^^^^^^^^^^^^^^^^^^^^^^^^^^^^^^
venv\Lib\site-packages\sentry_sdk\integrations\django\__init__.py:684: in connect
    return real_connect(self)
           ^^^^^^^^^^^^^^^^^^
venv\Lib\site-packages\django\utils\asyncio.py:26: in inner
    return func(*args, **kwargs)
           ^^^^^^^^^^^^^^^^^^^^^
venv\Lib\site-packages\django\db\backends\base\base.py:256: in connect
    self.connection = self.get_new_connection(conn_params)
                      ^^^^^^^^^^^^^^^^^^^^^^^^^^^^^^^^^^^^
venv\Lib\site-packages\django\utils\asyncio.py:26: in inner
    return func(*args, **kwargs)
           ^^^^^^^^^^^^^^^^^^^^^
venv\Lib\site-packages\django\db\backends\postgresql\base.py:333: in get_new_connection
    connection = self.Database.connect(**conn_params)
                 ^^^^^^^^^^^^^^^^^^^^^^^^^^^^^^^^^^^^
venv\Lib\site-packages\psycopg2\__init__.py:135: in connect
    conn = _connect(dsn, connection_factory=connection_factory, **kwasync)
           ^^^^^^^^^^^^^^^^^^^^^^^^^^^^^^^^^^^^^^^^^^^^^^^^^^^^^^^^^^^^^^^
E   django.db.utils.OperationalError: connection to server at "ep-round-haze-afaxzo0c-pooler.c-2.us-west-2.aws.neon.tech" (52.43.156.152), port 5432 failed: SSL SYSCALL error: EOF detected
_ ERROR at setup of TestForgotPassword.test_reset_password_already_used_token _
venv\Lib\site-packages\django\db\backends\base\base.py:279: in ensure_connection
    self.connect()
venv\Lib\site-packages\sentry_sdk\utils.py:1841: in runner
    return sentry_patched_function(*args, **kwargs)
           ^^^^^^^^^^^^^^^^^^^^^^^^^^^^^^^^^^^^^^^^
venv\Lib\site-packages\sentry_sdk\integrations\django\__init__.py:684: in connect
    return real_connect(self)
           ^^^^^^^^^^^^^^^^^^
venv\Lib\site-packages\django\utils\asyncio.py:26: in inner
    return func(*args, **kwargs)
           ^^^^^^^^^^^^^^^^^^^^^
venv\Lib\site-packages\django\db\backends\base\base.py:256: in connect
    self.connection = self.get_new_connection(conn_params)
                      ^^^^^^^^^^^^^^^^^^^^^^^^^^^^^^^^^^^^
venv\Lib\site-packages\django\utils\asyncio.py:26: in inner
    return func(*args, **kwargs)
           ^^^^^^^^^^^^^^^^^^^^^
venv\Lib\site-packages\django\db\backends\postgresql\base.py:333: in get_new_connection
    connection = self.Database.connect(**conn_params)
                 ^^^^^^^^^^^^^^^^^^^^^^^^^^^^^^^^^^^^
venv\Lib\site-packages\psycopg2\__init__.py:135: in connect
    conn = _connect(dsn, connection_factory=connection_factory, **kwasync)
           ^^^^^^^^^^^^^^^^^^^^^^^^^^^^^^^^^^^^^^^^^^^^^^^^^^^^^^^^^^^^^^^
E   psycopg2.OperationalError: connection to server at "ep-round-haze-afaxzo0c-pooler.c-2.us-west-2.aws.neon.tech" (52.43.156.152), port 5432 failed: ERROR:  Authentication timed out

The above exception was the direct cause of the following exception:
venv\Lib\site-packages\django\db\backends\postgresql\base.py:508: in _nodb_cursor
    with super()._nodb_cursor() as cursor:
         ^^^^^^^^^^^^^^^^^^^^^^
C:\Python314\Lib\contextlib.py:141: in __enter__
    return next(self.gen)
           ^^^^^^^^^^^^^^
venv\Lib\site-packages\django\db\backends\base\base.py:712: in _nodb_cursor
    with conn.cursor() as cursor:
         ^^^^^^^^^^^^^
venv\Lib\site-packages\django\utils\asyncio.py:26: in inner
    return func(*args, **kwargs)
           ^^^^^^^^^^^^^^^^^^^^^
venv\Lib\site-packages\django\db\backends\base\base.py:320: in cursor
    return self._cursor()
           ^^^^^^^^^^^^^^
venv\Lib\site-packages\django\db\backends\base\base.py:296: in _cursor
    self.ensure_connection()
venv\Lib\site-packages\django\utils\asyncio.py:26: in inner
    return func(*args, **kwargs)
           ^^^^^^^^^^^^^^^^^^^^^
venv\Lib\site-packages\django\db\backends\base\base.py:278: in ensure_connection
    with self.wrap_database_errors:
         ^^^^^^^^^^^^^^^^^^^^^^^^^
venv\Lib\site-packages\django\db\utils.py:94: in __exit__
    raise dj_exc_value.with_traceback(traceback) from exc_value
venv\Lib\site-packages\django\db\backends\base\base.py:279: in ensure_connection
    self.connect()
venv\Lib\site-packages\sentry_sdk\utils.py:1841: in runner
    return sentry_patched_function(*args, **kwargs)
           ^^^^^^^^^^^^^^^^^^^^^^^^^^^^^^^^^^^^^^^^
venv\Lib\site-packages\sentry_sdk\integrations\django\__init__.py:684: in connect
    return real_connect(self)
           ^^^^^^^^^^^^^^^^^^
venv\Lib\site-packages\django\utils\asyncio.py:26: in inner
    return func(*args, **kwargs)
           ^^^^^^^^^^^^^^^^^^^^^
venv\Lib\site-packages\django\db\backends\base\base.py:256: in connect
    self.connection = self.get_new_connection(conn_params)
                      ^^^^^^^^^^^^^^^^^^^^^^^^^^^^^^^^^^^^
venv\Lib\site-packages\django\utils\asyncio.py:26: in inner
    return func(*args, **kwargs)
           ^^^^^^^^^^^^^^^^^^^^^
venv\Lib\site-packages\django\db\backends\postgresql\base.py:333: in get_new_connection
    connection = self.Database.connect(**conn_params)
                 ^^^^^^^^^^^^^^^^^^^^^^^^^^^^^^^^^^^^
venv\Lib\site-packages\psycopg2\__init__.py:135: in connect
    conn = _connect(dsn, connection_factory=connection_factory, **kwasync)
           ^^^^^^^^^^^^^^^^^^^^^^^^^^^^^^^^^^^^^^^^^^^^^^^^^^^^^^^^^^^^^^^
E   django.db.utils.OperationalError: connection to server at "ep-round-haze-afaxzo0c-pooler.c-2.us-west-2.aws.neon.tech" (52.43.156.152), port 5432 failed: ERROR:  Authentication timed out

During handling of the above exception, another exception occurred:
venv\Lib\site-packages\django\db\backends\base\base.py:279: in ensure_connection
    self.connect()
venv\Lib\site-packages\sentry_sdk\utils.py:1841: in runner
    return sentry_patched_function(*args, **kwargs)
           ^^^^^^^^^^^^^^^^^^^^^^^^^^^^^^^^^^^^^^^^
venv\Lib\site-packages\sentry_sdk\integrations\django\__init__.py:684: in connect
    return real_connect(self)
           ^^^^^^^^^^^^^^^^^^
venv\Lib\site-packages\django\utils\asyncio.py:26: in inner
    return func(*args, **kwargs)
           ^^^^^^^^^^^^^^^^^^^^^
venv\Lib\site-packages\django\db\backends\base\base.py:256: in connect
    self.connection = self.get_new_connection(conn_params)
                      ^^^^^^^^^^^^^^^^^^^^^^^^^^^^^^^^^^^^
venv\Lib\site-packages\django\utils\asyncio.py:26: in inner
    return func(*args, **kwargs)
           ^^^^^^^^^^^^^^^^^^^^^
venv\Lib\site-packages\django\db\backends\postgresql\base.py:333: in get_new_connection
    connection = self.Database.connect(**conn_params)
                 ^^^^^^^^^^^^^^^^^^^^^^^^^^^^^^^^^^^^
venv\Lib\site-packages\psycopg2\__init__.py:135: in connect
    conn = _connect(dsn, connection_factory=connection_factory, **kwasync)
           ^^^^^^^^^^^^^^^^^^^^^^^^^^^^^^^^^^^^^^^^^^^^^^^^^^^^^^^^^^^^^^^
E   psycopg2.OperationalError: connection to server at "ep-round-haze-afaxzo0c-pooler.c-2.us-west-2.aws.neon.tech" (52.43.156.152), port 5432 failed: SSL SYSCALL error: EOF detected

The above exception was the direct cause of the following exception:
venv\Lib\site-packages\pytest_django\plugin.py:552: in _django_db_marker
    request.getfixturevalue("_django_db_helper")
venv\Lib\site-packages\pytest_django\fixtures.py:198: in django_db_setup
    db_cfg = setup_databases(
venv\Lib\site-packages\django\test\utils.py:207: in setup_databases
    connection.creation.create_test_db(
venv\Lib\site-packages\django\db\backends\base\creation.py:69: in create_test_db
    self._create_test_db(verbosity, autoclobber, keepdb)
venv\Lib\site-packages\django\db\backends\base\creation.py:221: in _create_test_db
    with self._nodb_cursor() as cursor:
         ^^^^^^^^^^^^^^^^^^^
C:\Python314\Lib\contextlib.py:141: in __enter__
    return next(self.gen)
           ^^^^^^^^^^^^^^
venv\Lib\site-packages\django\db\backends\postgresql\base.py:534: in _nodb_cursor
    with conn.cursor() as cursor:
         ^^^^^^^^^^^^^
venv\Lib\site-packages\django\utils\asyncio.py:26: in inner
    return func(*args, **kwargs)
           ^^^^^^^^^^^^^^^^^^^^^
venv\Lib\site-packages\django\db\backends\base\base.py:320: in cursor
    return self._cursor()
           ^^^^^^^^^^^^^^
venv\Lib\site-packages\django\db\backends\base\base.py:296: in _cursor
    self.ensure_connection()
venv\Lib\site-packages\django\utils\asyncio.py:26: in inner
    return func(*args, **kwargs)
           ^^^^^^^^^^^^^^^^^^^^^
venv\Lib\site-packages\django\db\backends\base\base.py:278: in ensure_connection
    with self.wrap_database_errors:
         ^^^^^^^^^^^^^^^^^^^^^^^^^
venv\Lib\site-packages\django\db\utils.py:94: in __exit__
    raise dj_exc_value.with_traceback(traceback) from exc_value
venv\Lib\site-packages\django\db\backends\base\base.py:279: in ensure_connection
    self.connect()
venv\Lib\site-packages\sentry_sdk\utils.py:1841: in runner
    return sentry_patched_function(*args, **kwargs)
           ^^^^^^^^^^^^^^^^^^^^^^^^^^^^^^^^^^^^^^^^
venv\Lib\site-packages\sentry_sdk\integrations\django\__init__.py:684: in connect
    return real_connect(self)
           ^^^^^^^^^^^^^^^^^^
venv\Lib\site-packages\django\utils\asyncio.py:26: in inner
    return func(*args, **kwargs)
           ^^^^^^^^^^^^^^^^^^^^^
venv\Lib\site-packages\django\db\backends\base\base.py:256: in connect
    self.connection = self.get_new_connection(conn_params)
                      ^^^^^^^^^^^^^^^^^^^^^^^^^^^^^^^^^^^^
venv\Lib\site-packages\django\utils\asyncio.py:26: in inner
    return func(*args, **kwargs)
           ^^^^^^^^^^^^^^^^^^^^^
venv\Lib\site-packages\django\db\backends\postgresql\base.py:333: in get_new_connection
    connection = self.Database.connect(**conn_params)
                 ^^^^^^^^^^^^^^^^^^^^^^^^^^^^^^^^^^^^
venv\Lib\site-packages\psycopg2\__init__.py:135: in connect
    conn = _connect(dsn, connection_factory=connection_factory, **kwasync)
           ^^^^^^^^^^^^^^^^^^^^^^^^^^^^^^^^^^^^^^^^^^^^^^^^^^^^^^^^^^^^^^^
E   django.db.utils.OperationalError: connection to server at "ep-round-haze-afaxzo0c-pooler.c-2.us-west-2.aws.neon.tech" (52.43.156.152), port 5432 failed: SSL SYSCALL error: EOF detected
_____ ERROR at setup of TestForgotPassword.test_forgot_password_throttle ______
venv\Lib\site-packages\django\db\backends\base\base.py:279: in ensure_connection
    self.connect()
venv\Lib\site-packages\sentry_sdk\utils.py:1841: in runner
    return sentry_patched_function(*args, **kwargs)
           ^^^^^^^^^^^^^^^^^^^^^^^^^^^^^^^^^^^^^^^^
venv\Lib\site-packages\sentry_sdk\integrations\django\__init__.py:684: in connect
    return real_connect(self)
           ^^^^^^^^^^^^^^^^^^
venv\Lib\site-packages\django\utils\asyncio.py:26: in inner
    return func(*args, **kwargs)
           ^^^^^^^^^^^^^^^^^^^^^
venv\Lib\site-packages\django\db\backends\base\base.py:256: in connect
    self.connection = self.get_new_connection(conn_params)
                      ^^^^^^^^^^^^^^^^^^^^^^^^^^^^^^^^^^^^
venv\Lib\site-packages\django\utils\asyncio.py:26: in inner
    return func(*args, **kwargs)
           ^^^^^^^^^^^^^^^^^^^^^
venv\Lib\site-packages\django\db\backends\postgresql\base.py:333: in get_new_connection
    connection = self.Database.connect(**conn_params)
                 ^^^^^^^^^^^^^^^^^^^^^^^^^^^^^^^^^^^^
venv\Lib\site-packages\psycopg2\__init__.py:135: in connect
    conn = _connect(dsn, connection_factory=connection_factory, **kwasync)
           ^^^^^^^^^^^^^^^^^^^^^^^^^^^^^^^^^^^^^^^^^^^^^^^^^^^^^^^^^^^^^^^
E   psycopg2.OperationalError: connection to server at "ep-round-haze-afaxzo0c-pooler.c-2.us-west-2.aws.neon.tech" (52.43.156.152), port 5432 failed: ERROR:  Authentication timed out

The above exception was the direct cause of the following exception:
venv\Lib\site-packages\django\db\backends\postgresql\base.py:508: in _nodb_cursor
    with super()._nodb_cursor() as cursor:
         ^^^^^^^^^^^^^^^^^^^^^^
C:\Python314\Lib\contextlib.py:141: in __enter__
    return next(self.gen)
           ^^^^^^^^^^^^^^
venv\Lib\site-packages\django\db\backends\base\base.py:712: in _nodb_cursor
    with conn.cursor() as cursor:
         ^^^^^^^^^^^^^
venv\Lib\site-packages\django\utils\asyncio.py:26: in inner
    return func(*args, **kwargs)
           ^^^^^^^^^^^^^^^^^^^^^
venv\Lib\site-packages\django\db\backends\base\base.py:320: in cursor
    return self._cursor()
           ^^^^^^^^^^^^^^
venv\Lib\site-packages\django\db\backends\base\base.py:296: in _cursor
    self.ensure_connection()
venv\Lib\site-packages\django\utils\asyncio.py:26: in inner
    return func(*args, **kwargs)
           ^^^^^^^^^^^^^^^^^^^^^
venv\Lib\site-packages\django\db\backends\base\base.py:278: in ensure_connection
    with self.wrap_database_errors:
         ^^^^^^^^^^^^^^^^^^^^^^^^^
venv\Lib\site-packages\django\db\utils.py:94: in __exit__
    raise dj_exc_value.with_traceback(traceback) from exc_value
venv\Lib\site-packages\django\db\backends\base\base.py:279: in ensure_connection
    self.connect()
venv\Lib\site-packages\sentry_sdk\utils.py:1841: in runner
    return sentry_patched_function(*args, **kwargs)
           ^^^^^^^^^^^^^^^^^^^^^^^^^^^^^^^^^^^^^^^^
venv\Lib\site-packages\sentry_sdk\integrations\django\__init__.py:684: in connect
    return real_connect(self)
           ^^^^^^^^^^^^^^^^^^
venv\Lib\site-packages\django\utils\asyncio.py:26: in inner
    return func(*args, **kwargs)
           ^^^^^^^^^^^^^^^^^^^^^
venv\Lib\site-packages\django\db\backends\base\base.py:256: in connect
    self.connection = self.get_new_connection(conn_params)
                      ^^^^^^^^^^^^^^^^^^^^^^^^^^^^^^^^^^^^
venv\Lib\site-packages\django\utils\asyncio.py:26: in inner
    return func(*args, **kwargs)
           ^^^^^^^^^^^^^^^^^^^^^
venv\Lib\site-packages\django\db\backends\postgresql\base.py:333: in get_new_connection
    connection = self.Database.connect(**conn_params)
                 ^^^^^^^^^^^^^^^^^^^^^^^^^^^^^^^^^^^^
venv\Lib\site-packages\psycopg2\__init__.py:135: in connect
    conn = _connect(dsn, connection_factory=connection_factory, **kwasync)
           ^^^^^^^^^^^^^^^^^^^^^^^^^^^^^^^^^^^^^^^^^^^^^^^^^^^^^^^^^^^^^^^
E   django.db.utils.OperationalError: connection to server at "ep-round-haze-afaxzo0c-pooler.c-2.us-west-2.aws.neon.tech" (52.43.156.152), port 5432 failed: ERROR:  Authentication timed out

During handling of the above exception, another exception occurred:
venv\Lib\site-packages\django\db\backends\base\base.py:279: in ensure_connection
    self.connect()
venv\Lib\site-packages\sentry_sdk\utils.py:1841: in runner
    return sentry_patched_function(*args, **kwargs)
           ^^^^^^^^^^^^^^^^^^^^^^^^^^^^^^^^^^^^^^^^
venv\Lib\site-packages\sentry_sdk\integrations\django\__init__.py:684: in connect
    return real_connect(self)
           ^^^^^^^^^^^^^^^^^^
venv\Lib\site-packages\django\utils\asyncio.py:26: in inner
    return func(*args, **kwargs)
           ^^^^^^^^^^^^^^^^^^^^^
venv\Lib\site-packages\django\db\backends\base\base.py:256: in connect
    self.connection = self.get_new_connection(conn_params)
                      ^^^^^^^^^^^^^^^^^^^^^^^^^^^^^^^^^^^^
venv\Lib\site-packages\django\utils\asyncio.py:26: in inner
    return func(*args, **kwargs)
           ^^^^^^^^^^^^^^^^^^^^^
venv\Lib\site-packages\django\db\backends\postgresql\base.py:333: in get_new_connection
    connection = self.Database.connect(**conn_params)
                 ^^^^^^^^^^^^^^^^^^^^^^^^^^^^^^^^^^^^
venv\Lib\site-packages\psycopg2\__init__.py:135: in connect
    conn = _connect(dsn, connection_factory=connection_factory, **kwasync)
           ^^^^^^^^^^^^^^^^^^^^^^^^^^^^^^^^^^^^^^^^^^^^^^^^^^^^^^^^^^^^^^^
E   psycopg2.OperationalError: connection to server at "ep-round-haze-afaxzo0c-pooler.c-2.us-west-2.aws.neon.tech" (52.43.156.152), port 5432 failed: SSL SYSCALL error: EOF detected

The above exception was the direct cause of the following exception:
venv\Lib\site-packages\pytest_django\plugin.py:552: in _django_db_marker
    request.getfixturevalue("_django_db_helper")
venv\Lib\site-packages\pytest_django\fixtures.py:198: in django_db_setup
    db_cfg = setup_databases(
venv\Lib\site-packages\django\test\utils.py:207: in setup_databases
    connection.creation.create_test_db(
venv\Lib\site-packages\django\db\backends\base\creation.py:69: in create_test_db
    self._create_test_db(verbosity, autoclobber, keepdb)
venv\Lib\site-packages\django\db\backends\base\creation.py:221: in _create_test_db
    with self._nodb_cursor() as cursor:
         ^^^^^^^^^^^^^^^^^^^
C:\Python314\Lib\contextlib.py:141: in __enter__
    return next(self.gen)
           ^^^^^^^^^^^^^^
venv\Lib\site-packages\django\db\backends\postgresql\base.py:534: in _nodb_cursor
    with conn.cursor() as cursor:
         ^^^^^^^^^^^^^
venv\Lib\site-packages\django\utils\asyncio.py:26: in inner
    return func(*args, **kwargs)
           ^^^^^^^^^^^^^^^^^^^^^
venv\Lib\site-packages\django\db\backends\base\base.py:320: in cursor
    return self._cursor()
           ^^^^^^^^^^^^^^
venv\Lib\site-packages\django\db\backends\base\base.py:296: in _cursor
    self.ensure_connection()
venv\Lib\site-packages\django\utils\asyncio.py:26: in inner
    return func(*args, **kwargs)
           ^^^^^^^^^^^^^^^^^^^^^
venv\Lib\site-packages\django\db\backends\base\base.py:278: in ensure_connection
    with self.wrap_database_errors:
         ^^^^^^^^^^^^^^^^^^^^^^^^^
venv\Lib\site-packages\django\db\utils.py:94: in __exit__
    raise dj_exc_value.with_traceback(traceback) from exc_value
venv\Lib\site-packages\django\db\backends\base\base.py:279: in ensure_connection
    self.connect()
venv\Lib\site-packages\sentry_sdk\utils.py:1841: in runner
    return sentry_patched_function(*args, **kwargs)
           ^^^^^^^^^^^^^^^^^^^^^^^^^^^^^^^^^^^^^^^^
venv\Lib\site-packages\sentry_sdk\integrations\django\__init__.py:684: in connect
    return real_connect(self)
           ^^^^^^^^^^^^^^^^^^
venv\Lib\site-packages\django\utils\asyncio.py:26: in inner
    return func(*args, **kwargs)
           ^^^^^^^^^^^^^^^^^^^^^
venv\Lib\site-packages\django\db\backends\base\base.py:256: in connect
    self.connection = self.get_new_connection(conn_params)
                      ^^^^^^^^^^^^^^^^^^^^^^^^^^^^^^^^^^^^
venv\Lib\site-packages\django\utils\asyncio.py:26: in inner
    return func(*args, **kwargs)
           ^^^^^^^^^^^^^^^^^^^^^
venv\Lib\site-packages\django\db\backends\postgresql\base.py:333: in get_new_connection
    connection = self.Database.connect(**conn_params)
                 ^^^^^^^^^^^^^^^^^^^^^^^^^^^^^^^^^^^^
venv\Lib\site-packages\psycopg2\__init__.py:135: in connect
    conn = _connect(dsn, connection_factory=connection_factory, **kwasync)
           ^^^^^^^^^^^^^^^^^^^^^^^^^^^^^^^^^^^^^^^^^^^^^^^^^^^^^^^^^^^^^^^
E   django.db.utils.OperationalError: connection to server at "ep-round-haze-afaxzo0c-pooler.c-2.us-west-2.aws.neon.tech" (52.43.156.152), port 5432 failed: SSL SYSCALL error: EOF detected
============================== warnings summary ===============================
venv\Lib\site-packages\pythonjsonlogger\jsonlogger.py:11
  C:\projects\connect_new_backend\venv\Lib\site-packages\pythonjsonlogger\jsonlogger.py:11: DeprecationWarning: pythonjsonlogger.jsonlogger has been moved to pythonjsonlogger.json
    warnings.warn(

tests/test_forgot_password.py::TestForgotPassword::test_forgot_password_success
  C:\projects\connect_new_backend\venv\Lib\site-packages\django\db\backends\postgresql\base.py:513: RuntimeWarning: Normally Django will use a connection to the 'postgres' database to avoid running initialization queries against the production database when it's not needed (for example, when running tests). Django was unable to create a connection to the 'postgres' database and will use the first PostgreSQL database instead.
    warnings.warn(

-- Docs: https://docs.pytest.org/en/stable/how-to/capture-warnings.html
=========================== short test summary info ===========================
ERROR tests/test_forgot_password.py::TestForgotPassword::test_forgot_password_success
ERROR tests/test_forgot_password.py::TestForgotPassword::test_forgot_password_unknown_email_no_leak
ERROR tests/test_forgot_password.py::TestForgotPassword::test_reset_password_success
ERROR tests/test_forgot_password.py::TestForgotPassword::test_reset_password_invalid_token
ERROR tests/test_forgot_password.py::TestForgotPassword::test_reset_password_password_mismatch
ERROR tests/test_forgot_password.py::TestForgotPassword::test_reset_password_expired_token
ERROR tests/test_forgot_password.py::TestForgotPassword::test_reset_password_already_used_token
ERROR tests/test_forgot_password.py::TestForgotPassword::test_forgot_password_throttle
================== 2 warnings, 8 errors in 82.63s (0:01:22) ===================
